<?xml version="1.0" encoding="UTF-8"?>
<!-- Generated by org.testng.reporters.JUnitReportReporter -->
<testsuite hostname="DESKTOP-BBB5T0T" failures="0" tests="2" name="tests.TC1" time="6.940" errors="0" timestamp="2023-08-26T16:49:35 IST" skipped="0">
  <testcase classname="tests.TC1" name="testJsonToPojoPost" time="4.913"/>
  <system-out/>
  <testcase classname="tests.TC1" name="testJsonToPojoGet" time="2.027"/>
  <system-out/>
</testsuite> <!-- tests.TC1 -->
